<?xml version="1.0" encoding="UTF-8"?>
<beans xmlns="http://www.springframework.org/schema/beans"
	xmlns:xsi="http://www.w3.org/2001/XMLSchema-instance"
	xmlns:context="http://www.springframework.org/schema/context"
	xmlns:sec="http://www.springframework.org/schema/security"
	xmlns:jdbc="http://www.springframework.org/schema/jdbc"
	xmlns:tx="http://www.springframework.org/schema/tx"
	xmlns:p="http://www.springframework.org/schema/p"
	xmlns:aop="http://www.springframework.org/schema/aop"
	xsi:schemaLocation="http://www.springframework.org/schema/jdbc http://www.springframework.org/schema/jdbc/spring-jdbc-3.0.xsd
		http://www.springframework.org/schema/aop http://www.springframework.org/schema/aop/spring-aop-3.0.xsd
		http://www.springframework.org/schema/beans http://www.springframework.org/schema/beans/spring-beans-3.0.xsd
		http://www.springframework.org/schema/tx http://www.springframework.org/schema/tx/spring-tx-3.0.xsd
		http://www.springframework.org/schema/context http://www.springframework.org/schema/context/spring-context-3.0.xsd">

	<context:annotation-config />
	<context:component-scan base-package="edu.umich.med.michr.scheduling.dao" />

	<!--Advises all beans marked with the @Repository annotation so that the discovered translators can intercept and apply the appropriate translation on the thrown exception.  -->
    <bean class="org.springframework.dao.annotation.PersistenceExceptionTranslationPostProcessor"/>

	<!-- Data access related config starts -->
	<jdbc:embedded-database id="dataSource" type="H2"/>
	<!--Ignore failures is set to all to prevent duplicate object or drop object errors -->
	<jdbc:initialize-database data-source="dataSource" ignore-failures="ALL">
		<jdbc:script location="classpath:DbSqlScripts/test_schema.sql" />
 		<jdbc:script location="classpath:DbSqlScripts/test_data.sql" />
	</jdbc:initialize-database>
	<bean id="sessionFactory"
		class="org.springframework.orm.hibernate3.annotation.AnnotationSessionFactoryBean"
		p:packagesToScan="edu.umich.med.michr.scheduling.domain"
		p:dataSource-ref="dataSource">
		<property name="hibernateProperties">
			<props>
				<prop key="hibernate.default_schema">PUBLIC</prop>
				<prop key="hibernate.dialect">org.hibernate.dialect.H2Dialect</prop>
				<prop key="hibernate.show_sql">FALSE</prop>
				<prop key="hibernate.format_sql">TRUE</prop>
				<prop key="hbm2ddl.auto">FALSE</prop>
			</props>
		</property>
	</bean>
	<!-- Enable annotation style of managing transactions -->
	<tx:annotation-driven transaction-manager="transactionManager" proxy-target-class="true" />
	<bean id="transactionManager"
		class="org.springframework.orm.hibernate3.HibernateTransactionManager"
		p:sessionFactory-ref="sessionFactory" />
	<!-- Data access related config ends -->

	<bean id="passwordGracePeriod" class="java.lang.Integer">
		<constructor-arg value="366" />
	</bean>
	<bean id="inactivityGracePeriod" class="java.lang.Integer">
		<constructor-arg value="183" />
	</bean>
	<bean id="pwdLockWindow" class="java.lang.Integer">
		<constructor-arg value="5" />
	</bean>
</beans>
